Grammar

    0 $accept: endexpr $end

    1 endexpr: ε
    2        | NUMBER


Terminals, with rules where they appear

    $end (0) 0
    error (256)
    NUMBER <intval> (258) 2


Nonterminals, with rules where they appear

    $accept (4)
        on left: 0
    endexpr <exprval> (5)
        on left: 1 2
        on right: 0


State 0

    0 $accept: • endexpr $end

    NUMBER  shift, and go to state 1

    $default  reduce using rule 1 (endexpr)

    endexpr  go to state 2


State 1

    2 endexpr: NUMBER •

    $default  reduce using rule 2 (endexpr)


State 2

    0 $accept: endexpr • $end

    $end  shift, and go to state 3


State 3

    0 $accept: endexpr $end •

    $default  accept
